which: no fi_info in (/home/mmiles/.conda/envs/py37/bin:/apps/skylake/software/numpy/1.18.2-gnu-2018.0-Python-3.7.4/bin:/apps/skylake/software/Cython/0.29.16-gnu-2018.0-Python-3.7.4/bin:/apps/skylake/software/Python/3.7.4-gnu-2018.0/bin:/apps/skylake/software/compiler/gcc/6.4.0/openblas/0.2.20/bin:/apps/skylake/software/core/git/2.18.0/bin:/apps/skylake/software/core/anaconda3/5.0.1:/apps/skylake/software/core/anaconda3/5.0.1/bin:/apps/skylake/software/mpi/gcc/6.4.0/openmpi/3.0.0/astropy/2.0.3-python-2.7.14/bin:/apps/skylake/software/core/cuda/9.0.176:/apps/skylake/software/core/cuda/9.0.176/bin:/apps/skylake/software/SQLite/3.21.0-gnu-2018.0/bin:/apps/skylake/software/mpi/gcc/6.4.0/openmpi/3.0.0/fftw/3.3.7/bin:/apps/skylake/software/compiler/gcc/6.4.0/gsl/2.4/bin:/apps/skylake/software/OpenMPI/3.0.0-GCC-6.4.0/bin:/apps/skylake/software/core/ifort/2016.2.181-gcc-6.4.0/compilers_and_libraries_2016.2.181/linux/bin/intel64:/apps/skylake/software/core/icc/2016.2.181-gcc-6.4.0/compilers_and_libraries_2016.2.181/linux/bin/intel64:/apps/skylake/software/core/gcccore/6.4.0/bin:/apps/skylake/software/core/binutils/2.30/bin:/opt/nvidia/latest/usr/bin:/apps/slurm/latest/sbin:/apps/slurm/latest/bin:/usr/lib64/qt-3.3/bin:/usr/local/bin:/bin:/usr/bin:/usr/local/sbin:/usr/sbin:/apps/users/pulsar/skylake/software/psr_cfitsio/3.450/bin:/apps/users/pulsar/skylake/software/fftw-SP/3.3.8/bin:/apps/users/pulsar/skylake/software/psrxml/1.01/bin:/apps/users/pulsar/skylake/software/sofa/20180130/bin:/apps/users/pulsar/skylake/software/heimdall/135348b/bin:/apps/users/pulsar/skylake/software/dedisp/9850b7e/bin:/apps/users/pulsar/skylake/software/thrust/1.7.0/bin:/apps/users/pulsar/skylake/software/psrdada/10513ff/bin:/apps/users/pulsar/skylake/software/dspsr/0abe673a/bin:/apps/users/pulsar/skylake/software/presto/d6265c2/bin:/apps/users/pulsar/skylake/software/tempo/73e9ce3/bin:/apps/users/pulsar/skylake/software/sigproc/fd66349/bin:/apps/users/pulsar/skylake/software/sigpyproc/e003fdf/bin:/apps/users/pulsar/skylake/software/pfits/39f27e1/bin:/apps/users/pulsar/skylake/software/psrchive/f387fd299-python-3.6.4/bin:/apps/users/pulsar/skylake/software/psrcat/1.49/bin:/apps/users/pulsar/skylake/software/tempo2/b381f57/bin:/apps/users/pulsar/skylake/software/calceph/2.3.2/bin:/apps/users/pulsar/skylake/software/fftw-DP/3.3.8/bin:/apps/users/pulsar/skylake/software/epsic/5315cc6/bin)
2020-07-10-05:02:16.TpF written to disk
2020-07-10-05:02:24.TpF written to disk
2020-07-10-05:02:32.TpF written to disk
2020-07-10-05:02:40.TpF written to disk
2020-07-10-05:02:48.TpF written to disk
2020-07-10-05:02:56.TpF written to disk
2020-07-10-05:03:04.TpF written to disk
2020-07-10-05:03:12.TpF written to disk
2020-07-10-05:03:20.TpF written to disk
2020-07-10-05:03:28.TpF written to disk
2020-07-10-05:03:36.TpF written to disk
2020-07-10-05:03:44.TpF written to disk
2020-07-10-05:03:52.TpF written to disk
2020-07-10-05:04:00.TpF written to disk
2020-07-10-05:04:08.TpF written to disk
2020-07-10-05:04:16.TpF written to disk
2020-07-10-05:04:24.TpF written to disk
2020-07-10-05:04:32.TpF written to disk
2020-07-10-05:04:40.TpF written to disk
2020-07-10-05:04:48.TpF written to disk
2020-07-10-05:04:56.TpF written to disk
2020-07-10-05:05:04.TpF written to disk
2020-07-10-05:05:12.TpF written to disk
2020-07-10-05:05:20.TpF written to disk
2020-07-10-05:05:28.TpF written to disk
2020-07-10-05:05:36.TpF written to disk
2020-07-10-05:05:44.TpF written to disk
2020-07-10-05:05:52.TpF written to disk
2020-07-10-05:06:00.TpF written to disk
2020-07-10-05:06:08.TpF written to disk
2020-07-10-05:06:16.TpF written to disk
2020-07-10-05:06:24.TpF written to disk
2020-07-17-03:14:24.TpF written to disk
2020-07-17-03:14:32.TpF written to disk
2020-07-17-03:14:40.TpF written to disk
2020-07-17-03:14:48.TpF written to disk
2020-07-17-03:14:56.TpF written to disk
2020-07-17-03:15:04.TpF written to disk
2020-07-17-03:15:12.TpF written to disk
2020-07-17-03:15:20.TpF written to disk
2020-07-17-03:15:28.TpF written to disk
2020-07-17-03:15:36.TpF written to disk
2020-07-17-03:15:44.TpF written to disk
2020-07-17-03:15:52.TpF written to disk
2020-07-17-03:16:00.TpF written to disk
2020-07-17-03:16:08.TpF written to disk
2020-07-17-03:16:16.TpF written to disk
2020-07-17-03:16:24.TpF written to disk
2020-07-17-03:16:32.TpF written to disk
2020-07-17-03:16:40.TpF written to disk
2020-07-17-03:16:48.TpF written to disk
2020-07-17-03:16:56.TpF written to disk
2020-07-17-03:17:04.TpF written to disk
2020-07-17-03:17:12.TpF written to disk
2020-07-17-03:17:20.TpF written to disk
2020-07-17-03:17:28.TpF written to disk
2020-07-17-03:17:36.TpF written to disk
2020-07-17-03:17:44.TpF written to disk
2020-07-17-03:17:52.TpF written to disk
2020-07-17-03:18:00.TpF written to disk
2020-07-17-03:18:08.TpF written to disk
2020-07-17-03:18:16.TpF written to disk
2020-07-17-03:18:24.TpF written to disk
2020-07-17-03:18:32.TpF written to disk
2020-07-30-23:18:48.TpF written to disk
2020-07-30-23:18:56.TpF written to disk
2020-07-30-23:19:04.TpF written to disk
2020-07-30-23:19:12.TpF written to disk
2020-07-30-23:19:20.TpF written to disk
2020-07-30-23:19:28.TpF written to disk
2020-07-30-23:19:36.TpF written to disk
2020-07-30-23:19:44.TpF written to disk
2020-07-30-23:19:52.TpF written to disk
2020-07-30-23:20:00.TpF written to disk
2020-07-30-23:20:08.TpF written to disk
2020-07-30-23:20:16.TpF written to disk
2020-07-30-23:20:24.TpF written to disk
2020-07-30-23:20:32.TpF written to disk
2020-07-30-23:20:40.TpF written to disk
2020-07-30-23:20:48.TpF written to disk
2020-07-30-23:20:56.TpF written to disk
2020-07-30-23:21:04.TpF written to disk
2020-07-30-23:21:12.TpF written to disk
2020-07-30-23:21:20.TpF written to disk
2020-07-30-23:21:28.TpF written to disk
2020-07-30-23:21:36.TpF written to disk
2020-07-30-23:21:44.TpF written to disk
2020-07-30-23:21:52.TpF written to disk
2020-07-30-23:22:00.TpF written to disk
2020-07-30-23:22:08.TpF written to disk
2020-07-30-23:22:16.TpF written to disk
2020-07-30-23:22:24.TpF written to disk
2020-07-30-23:22:32.TpF written to disk
2020-07-30-23:22:40.TpF written to disk
2020-07-30-23:22:48.TpF written to disk
2020-07-30-23:22:56.TpF written to disk
2020-07-30-23:23:04.TpF written to disk
2020-08-12-23:57:28.TpF written to disk
2020-08-12-23:57:36.TpF written to disk
2020-08-12-23:57:44.TpF written to disk
2020-08-12-23:57:52.TpF written to disk
2020-08-12-23:58:00.TpF written to disk
2020-08-12-23:58:08.TpF written to disk
2020-08-12-23:58:16.TpF written to disk
2020-08-12-23:58:24.TpF written to disk
2020-08-12-23:58:32.TpF written to disk
2020-08-12-23:58:40.TpF written to disk
2020-08-12-23:58:48.TpF written to disk
2020-08-12-23:58:56.TpF written to disk
2020-08-12-23:59:04.TpF written to disk
2020-08-12-23:59:12.TpF written to disk
2020-08-12-23:59:20.TpF written to disk
2020-08-12-23:59:28.TpF written to disk
2020-08-12-23:59:36.TpF written to disk
2020-08-12-23:59:44.TpF written to disk
2020-08-12-23:59:52.TpF written to disk
2020-08-13-00:00:00.TpF written to disk
2020-08-13-00:00:08.TpF written to disk
2020-08-13-00:00:16.TpF written to disk
2020-08-13-00:00:24.TpF written to disk
2020-08-13-00:00:32.TpF written to disk
2020-08-13-00:00:40.TpF written to disk
2020-08-13-00:00:48.TpF written to disk
2020-08-13-00:00:56.TpF written to disk
2020-08-13-00:01:04.TpF written to disk
2020-08-13-00:01:12.TpF written to disk
2020-08-13-00:01:20.TpF written to disk
2020-08-13-00:01:28.TpF written to disk
2020-08-13-00:01:36.TpF written to disk
2020-08-13-00:01:44.TpF written to disk
2020-08-26-21:37:28.TpF written to disk
2020-08-26-21:37:36.TpF written to disk
2020-08-26-21:37:44.TpF written to disk
2020-08-26-21:37:52.TpF written to disk
2020-08-26-21:38:00.TpF written to disk
2020-08-26-21:38:08.TpF written to disk
2020-08-26-21:38:16.TpF written to disk
2020-08-26-21:38:24.TpF written to disk
2020-08-26-21:38:32.TpF written to disk
2020-08-26-21:38:40.TpF written to disk
2020-08-26-21:38:48.TpF written to disk
2020-08-26-21:38:56.TpF written to disk
2020-08-26-21:39:04.TpF written to disk
2020-08-26-21:39:12.TpF written to disk
2020-08-26-21:39:20.TpF written to disk
2020-08-26-21:39:28.TpF written to disk
2020-08-26-21:39:36.TpF written to disk
2020-08-26-21:39:44.TpF written to disk
2020-08-26-21:39:52.TpF written to disk
2020-08-26-21:40:00.TpF written to disk
2020-08-26-21:40:08.TpF written to disk
2020-08-26-21:40:16.TpF written to disk
2020-08-26-21:40:24.TpF written to disk
2020-08-26-21:40:32.TpF written to disk
2020-08-26-21:40:40.TpF written to disk
2020-08-26-21:40:48.TpF written to disk
2020-08-26-21:40:56.TpF written to disk
2020-08-26-21:41:04.TpF written to disk
2020-08-26-21:41:12.TpF written to disk
2020-08-26-21:41:20.TpF written to disk
2020-08-26-21:41:28.TpF written to disk
2020-08-26-21:41:36.TpF written to disk
2020-08-26-21:41:44.TpF written to disk
2020-09-11-19:37:52.TpF written to disk
2020-09-11-19:38:00.TpF written to disk
2020-09-11-19:38:08.TpF written to disk
2020-09-11-19:38:16.TpF written to disk
2020-09-11-19:38:24.TpF written to disk
2020-09-11-19:38:32.TpF written to disk
2020-09-11-19:38:40.TpF written to disk
2020-09-11-19:38:48.TpF written to disk
2020-09-11-19:38:56.TpF written to disk
2020-09-11-19:39:04.TpF written to disk
2020-09-11-19:39:12.TpF written to disk
2020-09-11-19:39:20.TpF written to disk
2020-09-11-19:39:28.TpF written to disk
2020-09-11-19:39:36.TpF written to disk
2020-09-11-19:39:44.TpF written to disk
2020-09-11-19:39:52.TpF written to disk
2020-09-11-19:40:00.TpF written to disk
2020-09-11-19:40:08.TpF written to disk
2020-09-11-19:40:16.TpF written to disk
2020-09-11-19:40:24.TpF written to disk
2020-09-11-19:40:32.TpF written to disk
2020-09-11-19:40:40.TpF written to disk
2020-09-11-19:40:48.TpF written to disk
2020-09-11-19:40:56.TpF written to disk
2020-09-11-19:41:04.TpF written to disk
2020-09-11-19:41:12.TpF written to disk
2020-09-11-19:41:20.TpF written to disk
2020-09-11-19:41:28.TpF written to disk
2020-09-11-19:41:36.TpF written to disk
2020-09-11-19:41:44.TpF written to disk
2020-09-11-19:41:52.TpF written to disk
2020-09-11-19:42:00.TpF written to disk
2020-09-11-19:42:08.TpF written to disk
2020-09-27-20:53:28.TpF written to disk
2020-09-27-20:53:36.TpF written to disk
2020-09-27-20:53:44.TpF written to disk
2020-09-27-20:53:52.TpF written to disk
2020-09-27-20:54:00.TpF written to disk
2020-09-27-20:54:08.TpF written to disk
2020-09-27-20:54:16.TpF written to disk
2020-09-27-20:54:24.TpF written to disk
2020-09-27-20:54:32.TpF written to disk
2020-09-27-20:54:40.TpF written to disk
2020-09-27-20:54:48.TpF written to disk
2020-09-27-20:54:56.TpF written to disk
2020-09-27-20:55:04.TpF written to disk
2020-09-27-20:55:12.TpF written to disk
2020-09-27-20:55:20.TpF written to disk
2020-09-27-20:55:28.TpF written to disk
2020-09-27-20:55:36.TpF written to disk
2020-09-27-20:55:44.TpF written to disk
2020-09-27-20:55:52.TpF written to disk
2020-09-27-20:56:00.TpF written to disk
2020-09-27-20:56:08.TpF written to disk
2020-09-27-20:56:16.TpF written to disk
2020-09-27-20:56:24.TpF written to disk
2020-09-27-20:56:32.TpF written to disk
2020-09-27-20:56:40.TpF written to disk
2020-09-27-20:56:48.TpF written to disk
2020-09-27-20:56:56.TpF written to disk
2020-09-27-20:57:04.TpF written to disk
2020-09-27-20:57:12.TpF written to disk
2020-09-27-20:57:20.TpF written to disk
2020-09-27-20:57:28.TpF written to disk
2020-09-27-20:57:36.TpF written to disk
2020-09-27-20:57:44.TpF written to disk
2020-10-10-20:26:48.TpF written to disk
2020-10-10-20:26:56.TpF written to disk
2020-10-10-20:27:04.TpF written to disk
2020-10-10-20:27:12.TpF written to disk
2020-10-10-20:27:20.TpF written to disk
2020-10-10-20:27:28.TpF written to disk
2020-10-10-20:27:36.TpF written to disk
2020-10-10-20:27:44.TpF written to disk
2020-10-10-20:27:52.TpF written to disk
2020-10-10-20:28:00.TpF written to disk
2020-10-10-20:28:08.TpF written to disk
2020-10-10-20:28:16.TpF written to disk
2020-10-10-20:28:24.TpF written to disk
2020-10-10-20:28:32.TpF written to disk
2020-10-10-20:28:40.TpF written to disk
2020-10-10-20:28:48.TpF written to disk
2020-10-10-20:28:56.TpF written to disk
2020-10-10-20:29:04.TpF written to disk
2020-10-10-20:29:12.TpF written to disk
2020-10-10-20:29:20.TpF written to disk
2020-10-10-20:29:28.TpF written to disk
2020-10-10-20:29:36.TpF written to disk
2020-10-10-20:29:44.TpF written to disk
2020-10-10-20:29:52.TpF written to disk
2020-10-10-20:30:00.TpF written to disk
2020-10-10-20:30:08.TpF written to disk
2020-10-10-20:30:16.TpF written to disk
2020-10-10-20:30:24.TpF written to disk
2020-10-10-20:30:32.TpF written to disk
2020-10-10-20:30:40.TpF written to disk
2020-10-10-20:30:48.TpF written to disk
2020-10-10-20:30:56.TpF written to disk
2020-10-10-20:31:04.TpF written to disk
2020-11-03-17:03:20.TpF written to disk
2020-11-03-17:03:28.TpF written to disk
2020-11-03-17:03:36.TpF written to disk
2020-11-03-17:03:44.TpF written to disk
2020-11-03-17:03:52.TpF written to disk
2020-11-03-17:04:00.TpF written to disk
2020-11-03-17:04:08.TpF written to disk
2020-11-03-17:04:16.TpF written to disk
2020-11-03-17:04:24.TpF written to disk
2020-11-03-17:04:32.TpF written to disk
2020-11-03-17:04:40.TpF written to disk
2020-11-03-17:04:48.TpF written to disk
2020-11-03-17:04:56.TpF written to disk
2020-11-03-17:05:04.TpF written to disk
2020-11-03-17:05:12.TpF written to disk
2020-11-03-17:05:20.TpF written to disk
2020-11-03-17:05:28.TpF written to disk
2020-11-03-17:05:36.TpF written to disk
2020-11-03-17:05:44.TpF written to disk
2020-11-03-17:05:52.TpF written to disk
2020-11-03-17:06:00.TpF written to disk
2020-11-03-17:06:08.TpF written to disk
2020-11-03-17:06:16.TpF written to disk
2020-11-03-17:06:24.TpF written to disk
2020-11-03-17:06:32.TpF written to disk
2020-11-03-17:06:40.TpF written to disk
2020-11-03-17:06:48.TpF written to disk
2020-11-03-17:06:56.TpF written to disk
2020-11-03-17:07:04.TpF written to disk
2020-11-03-17:07:12.TpF written to disk
2020-11-03-17:07:20.TpF written to disk
2020-11-03-17:07:28.TpF written to disk
2020-11-03-17:07:36.TpF written to disk
2020-11-10-18:01:44.TpF written to disk
2020-11-10-18:01:52.TpF written to disk
2020-11-10-18:02:00.TpF written to disk
2020-11-10-18:02:08.TpF written to disk
2020-11-10-18:02:16.TpF written to disk
2020-11-10-18:02:24.TpF written to disk
2020-11-10-18:02:32.TpF written to disk
2020-11-10-18:02:40.TpF written to disk
2020-11-10-18:02:48.TpF written to disk
2020-11-10-18:02:56.TpF written to disk
2020-11-10-18:03:04.TpF written to disk
2020-11-10-18:03:12.TpF written to disk
2020-11-10-18:03:20.TpF written to disk
2020-11-10-18:03:28.TpF written to disk
2020-11-10-18:03:36.TpF written to disk
2020-11-10-18:03:44.TpF written to disk
2020-11-10-18:03:52.TpF written to disk
2020-11-10-18:04:00.TpF written to disk
2020-11-10-18:04:08.TpF written to disk
2020-11-10-18:04:16.TpF written to disk
2020-11-10-18:04:24.TpF written to disk
2020-11-10-18:04:32.TpF written to disk
2020-11-10-18:04:40.TpF written to disk
2020-11-10-18:04:48.TpF written to disk
2020-11-10-18:04:56.TpF written to disk
2020-11-10-18:05:04.TpF written to disk
2020-11-10-18:05:12.TpF written to disk
2020-11-10-18:05:20.TpF written to disk
2020-11-10-18:05:28.TpF written to disk
2020-11-10-18:05:36.TpF written to disk
2020-11-10-18:05:44.TpF written to disk
2020-11-10-18:05:52.TpF written to disk
2020-11-10-18:06:00.TpF written to disk
this is the update script for creating the initial template data
J2241-5236
In this directory /fred/oz005/timing
In this directory /fred/oz005/timing/J2241-5236
In this directory /fred/oz005/timing/J2241-5236/2019-03-08-08:44:24
In this directory /fred/oz005/timing/J2241-5236/2019-03-08-08:44:24/1
In this directory /fred/oz005/timing/J2241-5236/2019-03-08-08:44:24/1/1284
creating soft links and directory
In this directory /fred/oz005/timing/J2241-5236/2019-03-15-09:03:25
In this directory /fred/oz005/timing/J2241-5236/2019-03-15-09:03:25/1
In this directory /fred/oz005/timing/J2241-5236/2019-03-15-09:03:25/1/1284
creating soft links and directory
In this directory /fred/oz005/timing/J2241-5236/2019-04-03-04:49:51
In this directory /fred/oz005/timing/J2241-5236/2019-04-03-04:49:51/1
In this directory /fred/oz005/timing/J2241-5236/2019-04-03-04:49:51/1/1284
creating soft links and directory
In this directory /fred/oz005/timing/J2241-5236/2019-04-22-09:08:06
In this directory /fred/oz005/timing/J2241-5236/2019-04-22-09:08:06/1
In this directory /fred/oz005/timing/J2241-5236/2019-04-22-09:08:06/1/1284
creating soft links and directory
In this directory /fred/oz005/timing/J2241-5236/2019-05-14-05:47:08
In this directory /fred/oz005/timing/J2241-5236/2019-05-14-05:47:08/1
In this directory /fred/oz005/timing/J2241-5236/2019-05-14-05:47:08/1/1284
creating soft links and directory
In this directory /fred/oz005/timing/J2241-5236/2019-05-14-06:13:57
In this directory /fred/oz005/timing/J2241-5236/2019-05-14-06:13:57/1
In this directory /fred/oz005/timing/J2241-5236/2019-05-14-06:13:57/1/1284
creating soft links and directory
In this directory /fred/oz005/timing/J2241-5236/2019-05-21-03:57:59
In this directory /fred/oz005/timing/J2241-5236/2019-05-21-03:57:59/1
In this directory /fred/oz005/timing/J2241-5236/2019-05-21-03:57:59/1/1284
creating soft links and directory
In this directory /fred/oz005/timing/J2241-5236/2019-07-08-23:40:38
In this directory /fred/oz005/timing/J2241-5236/2019-07-08-23:40:38/1
In this directory /fred/oz005/timing/J2241-5236/2019-07-08-23:40:38/1/1284
creating soft links and directory
In this directory /fred/oz005/timing/J2241-5236/2019-07-20-00:53:39
In this directory /fred/oz005/timing/J2241-5236/2019-07-20-00:53:39/1
In this directory /fred/oz005/timing/J2241-5236/2019-07-20-00:53:39/1/1284
creating soft links and directory
In this directory /fred/oz005/timing/J2241-5236/2019-07-20-02:13:22
In this directory /fred/oz005/timing/J2241-5236/2019-07-20-02:13:22/1
In this directory /fred/oz005/timing/J2241-5236/2019-07-20-02:13:22/1/1284
creating soft links and directory
In this directory /fred/oz005/timing/J2241-5236/2019-09-01-23:50:40
In this directory /fred/oz005/timing/J2241-5236/2019-09-01-23:50:40/1
In this directory /fred/oz005/timing/J2241-5236/2019-09-01-23:50:40/1/1284
creating soft links and directory
In this directory /fred/oz005/timing/J2241-5236/2019-09-13-18:58:11
In this directory /fred/oz005/timing/J2241-5236/2019-09-13-18:58:11/1
In this directory /fred/oz005/timing/J2241-5236/2019-09-13-18:58:11/1/1284
creating soft links and directory
In this directory /fred/oz005/timing/J2241-5236/2019-09-24-22:37:30
In this directory /fred/oz005/timing/J2241-5236/2019-09-24-22:37:30/1
In this directory /fred/oz005/timing/J2241-5236/2019-09-24-22:37:30/1/1284
creating soft links and directory
In this directory /fred/oz005/timing/J2241-5236/2019-10-05-15:53:45
In this directory /fred/oz005/timing/J2241-5236/2019-10-05-15:53:45/1
In this directory /fred/oz005/timing/J2241-5236/2019-10-05-15:53:45/1/1284
creating soft links and directory
In this directory /fred/oz005/timing/J2241-5236/2019-10-16-21:03:50
In this directory /fred/oz005/timing/J2241-5236/2019-10-16-21:03:50/1
In this directory /fred/oz005/timing/J2241-5236/2019-10-16-21:03:50/1/1284
creating soft links and directory
In this directory /fred/oz005/timing/J2241-5236/2019-11-23-19:07:35
In this directory /fred/oz005/timing/J2241-5236/2019-11-23-19:07:35/1
In this directory /fred/oz005/timing/J2241-5236/2019-11-23-19:07:35/1/1284
creating soft links and directory
In this directory /fred/oz005/timing/J2241-5236/2019-12-15-17:09:41
In this directory /fred/oz005/timing/J2241-5236/2019-12-15-17:09:41/1
In this directory /fred/oz005/timing/J2241-5236/2019-12-15-17:09:41/1/1284
creating soft links and directory
In this directory /fred/oz005/timing/J2241-5236/2020-01-05-12:44:41
In this directory /fred/oz005/timing/J2241-5236/2020-01-05-12:44:41/1
In this directory /fred/oz005/timing/J2241-5236/2020-01-05-12:44:41/1/1284
creating soft links and directory
In this directory /fred/oz005/timing/J2241-5236/2020-01-23-15:01:37
In this directory /fred/oz005/timing/J2241-5236/2020-01-23-15:01:37/1
In this directory /fred/oz005/timing/J2241-5236/2020-01-23-15:01:37/1/1284
creating soft links and directory
In this directory /fred/oz005/timing/J2241-5236/2020-02-02-15:21:25
In this directory /fred/oz005/timing/J2241-5236/2020-02-02-15:21:25/1
In this directory /fred/oz005/timing/J2241-5236/2020-02-02-15:21:25/1/1284
creating soft links and directory
In this directory /fred/oz005/timing/J2241-5236/2020-02-18-05:53:41
In this directory /fred/oz005/timing/J2241-5236/2020-02-18-05:53:41/2
In this directory /fred/oz005/timing/J2241-5236/2020-02-18-05:53:41/2/1284
creating soft links and directory
In this directory /fred/oz005/timing/J2241-5236/2020-02-28-14:25:14
In this directory /fred/oz005/timing/J2241-5236/2020-02-28-14:25:14/3
In this directory /fred/oz005/timing/J2241-5236/2020-02-28-14:25:14/3/1284
creating soft links and directory
In this directory /fred/oz005/timing/J2241-5236/2020-03-15-13:29:48
In this directory /fred/oz005/timing/J2241-5236/2020-03-15-13:29:48/3
In this directory /fred/oz005/timing/J2241-5236/2020-03-15-13:29:48/3/1284
creating soft links and directory
In this directory /fred/oz005/timing/J2241-5236/2020-03-27-13:24:34
In this directory /fred/oz005/timing/J2241-5236/2020-03-27-13:24:34/3
In this directory /fred/oz005/timing/J2241-5236/2020-03-27-13:24:34/3/1284
creating soft links and directory
In this directory /fred/oz005/timing/J2241-5236/2020-04-09-06:58:19
In this directory /fred/oz005/timing/J2241-5236/2020-04-09-06:58:19/3
In this directory /fred/oz005/timing/J2241-5236/2020-04-09-06:58:19/3/1284
creating soft links and directory
In this directory /fred/oz005/timing/J2241-5236/2020-04-26-10:24:29
In this directory /fred/oz005/timing/J2241-5236/2020-04-26-10:24:29/3
In this directory /fred/oz005/timing/J2241-5236/2020-04-26-10:24:29/3/1284
creating soft links and directory
In this directory /fred/oz005/timing/J2241-5236/2020-05-11-07:36:04
In this directory /fred/oz005/timing/J2241-5236/2020-05-11-07:36:04/3
In this directory /fred/oz005/timing/J2241-5236/2020-05-11-07:36:04/3/1284
creating soft links and directory
In this directory /fred/oz005/timing/J2241-5236/2020-05-25-02:11:08
In this directory /fred/oz005/timing/J2241-5236/2020-05-25-02:11:08/3
In this directory /fred/oz005/timing/J2241-5236/2020-05-25-02:11:08/3/1284
creating soft links and directory
In this directory /fred/oz005/timing/J2241-5236/2020-06-05-05:04:44
In this directory /fred/oz005/timing/J2241-5236/2020-06-05-05:04:44/3
In this directory /fred/oz005/timing/J2241-5236/2020-06-05-05:04:44/3/1284
creating soft links and directory
In this directory /fred/oz005/timing/J2241-5236/2020-06-18-02:57:46
In this directory /fred/oz005/timing/J2241-5236/2020-06-18-02:57:46/2
In this directory /fred/oz005/timing/J2241-5236/2020-06-18-02:57:46/2/1284
creating soft links and directory
In this directory /fred/oz005/timing/J2241-5236/2020-07-02-02:21:50
In this directory /fred/oz005/timing/J2241-5236/2020-07-02-02:21:50/2
In this directory /fred/oz005/timing/J2241-5236/2020-07-02-02:21:50/2/1284
creating soft links and directory
In this directory /fred/oz005/timing/J2241-5236/2020-07-10-04:49:23
In this directory /fred/oz005/timing/J2241-5236/2020-07-10-04:49:23/2
In this directory /fred/oz005/timing/J2241-5236/2020-07-10-04:49:23/2/816
creating soft links and directory
In this directory /fred/oz005/timing/J2241-5236/2020-07-10-04:49:24
In this directory /fred/oz005/timing/J2241-5236/2020-07-10-04:49:24/4
In this directory /fred/oz005/timing/J2241-5236/2020-07-10-04:49:24/4/1284
creating soft links and directory
In this directory /fred/oz005/timing/J2241-5236/2020-07-17-03:14:24
In this directory /fred/oz005/timing/J2241-5236/2020-07-17-03:14:24/1
In this directory /fred/oz005/timing/J2241-5236/2020-07-17-03:14:24/1/1284
creating soft links and directory
In this directory /fred/oz005/timing/J2241-5236/2020-07-30-23:18:49
In this directory /fred/oz005/timing/J2241-5236/2020-07-30-23:18:49/2
In this directory /fred/oz005/timing/J2241-5236/2020-07-30-23:18:49/2/1284
creating soft links and directory
In this directory /fred/oz005/timing/J2241-5236/2020-08-12-23:57:31
In this directory /fred/oz005/timing/J2241-5236/2020-08-12-23:57:31/1
In this directory /fred/oz005/timing/J2241-5236/2020-08-12-23:57:31/1/1284
creating soft links and directory
In this directory /fred/oz005/timing/J2241-5236/2020-08-26-21:37:33
In this directory /fred/oz005/timing/J2241-5236/2020-08-26-21:37:33/3
In this directory /fred/oz005/timing/J2241-5236/2020-08-26-21:37:33/3/1284
creating soft links and directory
In this directory /fred/oz005/timing/J2241-5236/2020-09-11-19:37:54
In this directory /fred/oz005/timing/J2241-5236/2020-09-11-19:37:54/4
In this directory /fred/oz005/timing/J2241-5236/2020-09-11-19:37:54/4/1284
creating soft links and directory
In this directory /fred/oz005/timing/J2241-5236/2020-09-27-20:53:34
In this directory /fred/oz005/timing/J2241-5236/2020-09-27-20:53:34/4
In this directory /fred/oz005/timing/J2241-5236/2020-09-27-20:53:34/4/1284
creating soft links and directory
In this directory /fred/oz005/timing/J2241-5236/2020-10-10-20:26:52
In this directory /fred/oz005/timing/J2241-5236/2020-10-10-20:26:52/1
In this directory /fred/oz005/timing/J2241-5236/2020-10-10-20:26:52/1/1284
creating soft links and directory
In this directory /fred/oz005/timing/J2241-5236/2020-11-03-17:03:23
In this directory /fred/oz005/timing/J2241-5236/2020-11-03-17:03:23/3
In this directory /fred/oz005/timing/J2241-5236/2020-11-03-17:03:23/3/1284
creating soft links and directory
In this directory /fred/oz005/timing/J2241-5236/2020-11-10-18:01:50
In this directory /fred/oz005/timing/J2241-5236/2020-11-10-18:01:50/4
In this directory /fred/oz005/timing/J2241-5236/2020-11-10-18:01:50/4/1284
creating soft links and directory
done
