cat: /fred/oz002/users/mmiles/templates/J0453+1559/dutycycle: No such file or directory
Traceback (most recent call last):
  File "/fred/oz005/users/mshamoha/federico/rfihunter_nogate.py", line 10, in <module>
    import psrchive as psr
  File "/apps/users/pulsar/skylake/software/psrchive/79ed5c082/lib/python2.7/site-packages/psrchive.py", line 26, in <module>
    _psrchive = swig_import_helper()
  File "/apps/users/pulsar/skylake/software/psrchive/79ed5c082/lib/python2.7/site-packages/psrchive.py", line 22, in swig_import_helper
    _mod = imp.load_module('_psrchive', fp, pathname, description)
  File "/apps/skylake/software/compiler/gcc/6.4.0/python/3.6.4/lib/python3.6/imp.py", line 243, in load_module
    return load_dynamic(name, filename, file)
  File "/apps/skylake/software/compiler/gcc/6.4.0/python/3.6.4/lib/python3.6/imp.py", line 343, in load_dynamic
    return _load(spec)
ImportError: dynamic module does not define module export function (PyInit__psrchive)
pam: no filenames were specified
psradd: '*mohsenp' not found
psradd: please specify filename[s]
pam: no filenames were specified
mv: cannot stat '*.Tf32p': No such file or directory
pam: no filenames were specified
pam: no filenames were specified
psradd: '20*TFp' not found
psradd: please specify filename[s]
pam: no filenames were specified
psrsmooth: 'grand.TFp' not found
psrsmooth: please specify filename[s]
mv: cannot stat 'grand.TFp.sm': No such file or directory
pam: invalid option -- 'A'
Unrecognised option
That is not a valid fscrunch factor
pam: invalid option -- 'A'
Unrecognised option
That is not a valid fscrunch factor
done
